#
# A fatal error has been detected by the Java Runtime Environment:
#
#  EXCEPTION_ACCESS_VIOLATION (0xc0000005) at pc=0x00000000671ed61a, pid=6124, tid=0x0000000000001f4c
#
# JRE version: Java(TM) SE Runtime Environment (8.0_151-b12) (build 1.8.0_151-b12)
# Java VM: Java HotSpot(TM) 64-Bit Server VM (25.151-b12 mixed mode windows-amd64 compressed oops)
# Problematic frame:
# C  0x00000000671ed61a
#
# Failed to write core dump. Minidumps are not enabled by default on client versions of Windows
#
# If you would like to submit a bug report, please visit:
#   http://bugreport.java.com/bugreport/crash.jsp
# The crash happened outside the Java Virtual Machine in native code.
# See problematic frame for where to report the bug.
#

---------------  T H R E A D  ---------------

Current thread (0x0000000019556800):  JavaThread "JavaFX Application Thread" [_thread_in_native, id=8012, stack(0x000000001a1f0000,0x000000001a2f0000)]

siginfo: ExceptionCode=0xc0000005, reading address 0x0000000000000739

Registers:
RAX=0x000000001a2ed600, RBX=0x000000001a2ed600, RCX=0x0000000000000000, RDX=0x000000001ecbe470
RSP=0x000000001a2ecf70, RBP=0x0000000000000000, RSI=0x000000001ec9ce90, RDI=0x00000000682f11c8
R8 =0x000000001ecbe480, R9 =0x000000001ec994b0, R10=0x000000001ecbe480, R11=0x0000000000000007
R12=0x000000001a2ed600, R13=0x000000001a2ed470, R14=0x000000001a2ed600, R15=0x0000000000000000
RIP=0x00000000671ed61a, EFLAGS=0x0000000000010202

Top of Stack: (sp=0x000000001a2ecf70)
0x000000001a2ecf70:   000000001a0da850 000000001ec9ce90
0x000000001a2ecf80:   0000000000000000 000000001ec9ce90
0x000000001a2ecf90:   0000000000000000 0000000000000000
0x000000001a2ecfa0:   000000001ec93c80 00000000671df1de
0x000000001a2ecfb0:   000000021ec93c80 0000000000000000
0x000000001a2ecfc0:   000000001eb28520 000098a656306c06
0x000000001a2ecfd0:   0000000000000000 000000001ec9ce90
0x000000001a2ecfe0:   000000001a2ed470 000000001a2ed600
0x000000001a2ecff0:   0000000000000000 000000001ec9ce90
0x000000001a2ed000:   0000000063940a10 00000000671f1bbb
0x000000001a2ed010:   000000001a2ed600 000000001a2ed110
0x000000001a2ed020:   000000001ec9d0a8 000000001a2ed600
0x000000001a2ed030:   000000001a2ed0c0 00007ffc564e0428
0x000000001a2ed040:   0000000000000000 0000000000000030
0x000000001a2ed050:   0000000000000000 00000000003e0000
0x000000001a2ed060:   0000000000000000 0000000000000000 

Instructions: (pc=0x00000000671ed61a)
0x00000000671ed5fa:   a2 93 c0 ff 45 84 ff 4c 8b bc 24 80 00 00 00 75
0x00000000671ed60a:   58 49 8b ce e8 6d c2 15 00 48 8b 4e 20 48 8b d8
0x00000000671ed61a:   40 38 a9 39 07 00 00 75 1d 48 8b 4e 18 48 85 c9
0x00000000671ed62a:   74 07 48 8d a9 88 00 00 00 48 8b 4d 08 48 8b 01 


Register to memory mapping:

RAX=0x000000001a2ed600 is pointing into the stack for thread: 0x0000000019556800
RBX=0x000000001a2ed600 is pointing into the stack for thread: 0x0000000019556800
RCX=0x0000000000000000 is an unknown value
RDX=0x000000001ecbe470 is an unknown value
RSP=0x000000001a2ecf70 is pointing into the stack for thread: 0x0000000019556800
RBP=0x0000000000000000 is an unknown value
RSI=0x000000001ec9ce90 is an unknown value
RDI=0x00000000682f11c8 is an unknown value
R8 =0x000000001ecbe480 is an unknown value
R9 =0x000000001ec994b0 is an unknown value
R10=0x000000001ecbe480 is an unknown value
R11=0x0000000000000007 is an unknown value
R12=0x000000001a2ed600 is pointing into the stack for thread: 0x0000000019556800
R13=0x000000001a2ed470 is pointing into the stack for thread: 0x0000000019556800
R14=0x000000001a2ed600 is pointing into the stack for thread: 0x0000000019556800
R15=0x0000000000000000 is an unknown value


Stack: [0x000000001a1f0000,0x000000001a2f0000],  sp=0x000000001a2ecf70,  free space=1011k
Native frames: (J=compiled Java code, j=interpreted, Vv=VM code, C=native code)

Java frames: (J=compiled Java code, j=interpreted, Vv=VM code)
j  com.sun.webkit.network.URLLoader.twkWillSendRequest(Ljava/lang/String;Ljava/lang/String;ILjava/lang/String;Ljava/lang/String;JLjava/lang/String;Ljava/lang/String;J)Z+0
j  com.sun.webkit.network.URLLoader.notifyWillSendRequest(Ljava/lang/String;Ljava/lang/String;ILjava/lang/String;Ljava/lang/String;JLjava/lang/String;Ljava/lang/String;)Z+107
j  com.sun.webkit.network.URLLoader.lambda$willSendRequest$100(Ljava/lang/String;Ljava/lang/String;ILjava/lang/String;Ljava/lang/String;JLjava/lang/String;Ljava/lang/String;Ljava/util/concurrent/CountDownLatch;)V+21
j  com.sun.webkit.network.URLLoader$$Lambda$346.run()V+40
j  com.sun.javafx.application.PlatformImpl.lambda$null$172(Ljava/lang/Runnable;)Ljava/lang/Void;+1
j  com.sun.javafx.application.PlatformImpl$$Lambda$49.run()Ljava/lang/Object;+4
v  ~StubRoutines::call_stub
J 1957  java.security.AccessController.doPrivileged(Ljava/security/PrivilegedAction;Ljava/security/AccessControlContext;)Ljava/lang/Object; (0 bytes) @ 0x0000000002df92e6 [0x0000000002df9280+0x66]
j  com.sun.javafx.application.PlatformImpl.lambda$runLater$173(Ljava/lang/Runnable;Ljava/security/AccessControlContext;)V+7
j  com.sun.javafx.application.PlatformImpl$$Lambda$47.run()V+8
j  com.sun.glass.ui.InvokeLaterDispatcher$Future.run()V+4
v  ~StubRoutines::call_stub
j  com.sun.glass.ui.win.WinApplication._runLoop(Ljava/lang/Runnable;)V+0
j  com.sun.glass.ui.win.WinApplication.lambda$null$147(ILjava/lang/Runnable;)V+8
j  com.sun.glass.ui.win.WinApplication$$Lambda$37.run()V+12
j  java.lang.Thread.run()V+11
v  ~StubRoutines::call_stub

---------------  P R O C E S S  ---------------

Java Threads: ( => current thread )
  0x00000000208a4000 JavaThread "URL-Loader-3" daemon [_thread_in_native, id=2012, stack(0x0000000064830000,0x0000000064930000)]
  0x00000000208a5800 JavaThread "URL-Loader-2" daemon [_thread_blocked, id=12284, stack(0x0000000064130000,0x0000000064230000)]
  0x00000000208a3800 JavaThread "URL-Loader-1" daemon [_thread_blocked, id=1640, stack(0x0000000064030000,0x0000000064130000)]
  0x00000000208a2800 JavaThread "Disposer" daemon [_thread_blocked, id=10752, stack(0x0000000063d30000,0x0000000063e30000)]
  0x0000000020a31000 JavaThread "Keep-Alive-Timer" daemon [_thread_blocked, id=11320, stack(0x0000000023820000,0x0000000023920000)]
  0x0000000019cd3800 JavaThread "Prism Font Disposer" daemon [_thread_blocked, id=6280, stack(0x0000000022820000,0x0000000022920000)]
  0x00000000198ac800 JavaThread "Thread-4" daemon [_thread_in_native, id=9796, stack(0x00000000216a0000,0x00000000217a0000)]
  0x0000000019666800 JavaThread "Thread-3" daemon [_thread_in_native, id=9664, stack(0x000000001ecc0000,0x000000001edc0000)]
  0x000000001966e000 JavaThread "JavaFX-Launcher" [_thread_blocked, id=11552, stack(0x000000001edc0000,0x000000001eec0000)]
=>0x0000000019556800 JavaThread "JavaFX Application Thread" [_thread_in_native, id=8012, stack(0x000000001a1f0000,0x000000001a2f0000)]
  0x000000001954c800 JavaThread "Thread-1" daemon [_thread_blocked, id=6904, stack(0x000000001a0f0000,0x000000001a1f0000)]
  0x00000000190a8800 JavaThread "QuantumRenderer-0" daemon [_thread_blocked, id=9920, stack(0x0000000019d30000,0x0000000019e30000)]
  0x0000000018cd0800 JavaThread "Service Thread" daemon [_thread_blocked, id=2876, stack(0x00000000190b0000,0x00000000191b0000)]
  0x0000000017334800 JavaThread "C1 CompilerThread2" daemon [_thread_blocked, id=3396, stack(0x0000000018bb0000,0x0000000018cb0000)]
  0x0000000017331000 JavaThread "C2 CompilerThread1" daemon [_thread_blocked, id=4624, stack(0x0000000018ab0000,0x0000000018bb0000)]
  0x000000001732e000 JavaThread "C2 CompilerThread0" daemon [_thread_blocked, id=3724, stack(0x00000000189b0000,0x0000000018ab0000)]
  0x000000001732d000 JavaThread "Attach Listener" daemon [_thread_blocked, id=10668, stack(0x00000000188b0000,0x00000000189b0000)]
  0x000000001732c000 JavaThread "Signal Dispatcher" daemon [_thread_blocked, id=7520, stack(0x00000000187b0000,0x00000000188b0000)]
  0x000000001731a800 JavaThread "Finalizer" daemon [_thread_blocked, id=5644, stack(0x00000000185a0000,0x00000000186a0000)]
  0x0000000002702800 JavaThread "Reference Handler" daemon [_thread_blocked, id=6860, stack(0x00000000184a0000,0x00000000185a0000)]
  0x00000000027bd800 JavaThread "main" [_thread_blocked, id=8684, stack(0x0000000002460000,0x0000000002560000)]

Other Threads:
  0x00000000172f6800 VMThread [stack: 0x00000000183a0000,0x00000000184a0000] [id=8816]
  0x0000000018cff000 WatcherThread [stack: 0x0000000019300000,0x0000000019400000] [id=400]

VM state:not at safepoint (normal execution)

VM Mutex/Monitor currently owned by a thread: None

Heap:
 PSYoungGen      total 38400K, used 8329K [0x00000000d5c00000, 0x00000000d8f00000, 0x0000000100000000)
  eden space 33280K, 9% used [0x00000000d5c00000,0x00000000d5f25f18,0x00000000d7c80000)
  from space 5120K, 99% used [0x00000000d7c80000,0x00000000d817c6b0,0x00000000d8180000)
  to   space 5120K, 0% used [0x00000000d8a00000,0x00000000d8a00000,0x00000000d8f00000)
 ParOldGen       total 66560K, used 11578K [0x0000000081400000, 0x0000000085500000, 0x00000000d5c00000)
  object space 66560K, 17% used [0x0000000081400000,0x0000000081f4ea98,0x0000000085500000)
 Metaspace       used 25535K, capacity 26802K, committed 27008K, reserved 1073152K
  class space    used 3667K, capacity 3925K, committed 3968K, reserved 1048576K

Card table byte_map: [0x0000000011b80000,0x0000000011f80000] byte_map_base: 0x0000000011776000

Marking Bits: (ParMarkBitMap*) 0x000000006b70d850
 Begin Bits: [0x0000000012630000, 0x00000000145e0000)
 End Bits:   [0x00000000145e0000, 0x0000000016590000)

Polling page: 0x0000000000730000

CodeCache: size=245760Kb used=8079Kb max_used=8079Kb free=237680Kb
 bounds [0x00000000027c0000, 0x0000000002fb0000, 0x00000000117c0000]
 total_blobs=3390 nmethods=2617 adapters=684
 compilation: enabled

Compilation events (10 events):
Event: 3.354 Thread 0x0000000017334800 2609       3       jdk.internal.org.objectweb.asm.FieldWriter::<init> (97 bytes)
Event: 3.355 Thread 0x0000000017334800 nmethod 2609 0x0000000002fa7cd0 code [0x0000000002fa7e80, 0x0000000002fa8368]
Event: 3.355 Thread 0x0000000017334800 2614       3       sun.invoke.util.Wrapper::isDoubleWord (15 bytes)
Event: 3.356 Thread 0x0000000017334800 nmethod 2614 0x0000000002fa85d0 code [0x0000000002fa8720, 0x0000000002fa88d0]
Event: 3.356 Thread 0x0000000017334800 2615       3       java.util.concurrent.locks.AbstractQueuedSynchronizer::compareAndSetWaitStatus (13 bytes)
Event: 3.356 Thread 0x0000000017334800 nmethod 2615 0x0000000002fa8950 code [0x0000000002fa8aa0, 0x0000000002fa8bf0]
Event: 3.359 Thread 0x0000000017334800 2616       3       sun.net.www.ParseUtil::match (50 bytes)
Event: 3.360 Thread 0x0000000017334800 nmethod 2616 0x0000000002fa8c50 code [0x0000000002fa8dc0, 0x0000000002fa9070]
Event: 3.360 Thread 0x0000000017334800 2617       3       java.nio.CharBuffer::array (35 bytes)
Event: 3.360 Thread 0x0000000017334800 nmethod 2617 0x0000000002fa9110 code [0x0000000002fa92a0, 0x0000000002fa9598]

GC Heap History (8 events):
Event: 0.806 GC heap before
{Heap before GC invocations=1 (full 0):
 PSYoungGen      total 38400K, used 33280K [0x00000000d5c00000, 0x00000000d8680000, 0x0000000100000000)
  eden space 33280K, 100% used [0x00000000d5c00000,0x00000000d7c80000,0x00000000d7c80000)
  from space 5120K, 0% used [0x00000000d8180000,0x00000000d8180000,0x00000000d8680000)
  to   space 5120K, 0% used [0x00000000d7c80000,0x00000000d7c80000,0x00000000d8180000)
 ParOldGen       total 87552K, used 0K [0x0000000081400000, 0x0000000086980000, 0x00000000d5c00000)
  object space 87552K, 0% used [0x0000000081400000,0x0000000081400000,0x0000000086980000)
 Metaspace       used 14318K, capacity 14866K, committed 14976K, reserved 1062912K
  class space    used 1998K, capacity 2145K, committed 2176K, reserved 1048576K
Event: 0.812 GC heap after
Heap after GC invocations=1 (full 0):
 PSYoungGen      total 38400K, used 5103K [0x00000000d5c00000, 0x00000000d8680000, 0x0000000100000000)
  eden space 33280K, 0% used [0x00000000d5c00000,0x00000000d5c00000,0x00000000d7c80000)
  from space 5120K, 99% used [0x00000000d7c80000,0x00000000d817bfd0,0x00000000d8180000)
  to   space 5120K, 0% used [0x00000000d8180000,0x00000000d8180000,0x00000000d8680000)
 ParOldGen       total 87552K, used 1583K [0x0000000081400000, 0x0000000086980000, 0x00000000d5c00000)
  object space 87552K, 1% used [0x0000000081400000,0x000000008158bc50,0x0000000086980000)
 Metaspace       used 14318K, capacity 14866K, committed 14976K, reserved 1062912K
  class space    used 1998K, capacity 2145K, committed 2176K, reserved 1048576K
}
Event: 1.255 GC heap before
{Heap before GC invocations=2 (full 0):
 PSYoungGen      total 38400K, used 22838K [0x00000000d5c00000, 0x00000000d8680000, 0x0000000100000000)
  eden space 33280K, 53% used [0x00000000d5c00000,0x00000000d6d51a68,0x00000000d7c80000)
  from space 5120K, 99% used [0x00000000d7c80000,0x00000000d817bfd0,0x00000000d8180000)
  to   space 5120K, 0% used [0x00000000d8180000,0x00000000d8180000,0x00000000d8680000)
 ParOldGen       total 87552K, used 1583K [0x0000000081400000, 0x0000000086980000, 0x00000000d5c00000)
  object space 87552K, 1% used [0x0000000081400000,0x000000008158bc50,0x0000000086980000)
 Metaspace       used 20199K, capacity 21152K, committed 21296K, reserved 1067008K
  class space    used 2967K, capacity 3174K, committed 3200K, reserved 1048576K
Event: 1.262 GC heap after
Heap after GC invocations=2 (full 0):
 PSYoungGen      total 38400K, used 5088K [0x00000000d5c00000, 0x00000000da700000, 0x0000000100000000)
  eden space 33280K, 0% used [0x00000000d5c00000,0x00000000d5c00000,0x00000000d7c80000)
  from space 5120K, 99% used [0x00000000d8180000,0x00000000d8678050,0x00000000d8680000)
  to   space 5120K, 0% used [0x00000000d7c80000,0x00000000d7c80000,0x00000000d8180000)
 ParOldGen       total 87552K, used 3251K [0x0000000081400000, 0x0000000086980000, 0x00000000d5c00000)
  object space 87552K, 3% used [0x0000000081400000,0x000000008172cec0,0x0000000086980000)
 Metaspace       used 20199K, capacity 21152K, committed 21296K, reserved 1067008K
  class space    used 2967K, capacity 3174K, committed 3200K, reserved 1048576K
}
Event: 1.262 GC heap before
{Heap before GC invocations=3 (full 1):
 PSYoungGen      total 38400K, used 5088K [0x00000000d5c00000, 0x00000000da700000, 0x0000000100000000)
  eden space 33280K, 0% used [0x00000000d5c00000,0x00000000d5c00000,0x00000000d7c80000)
  from space 5120K, 99% used [0x00000000d8180000,0x00000000d8678050,0x00000000d8680000)
  to   space 5120K, 0% used [0x00000000d7c80000,0x00000000d7c80000,0x00000000d8180000)
 ParOldGen       total 87552K, used 3251K [0x0000000081400000, 0x0000000086980000, 0x00000000d5c00000)
  object space 87552K, 3% used [0x0000000081400000,0x000000008172cec0,0x0000000086980000)
 Metaspace       used 20199K, capacity 21152K, committed 21296K, reserved 1067008K
  class space    used 2967K, capacity 3174K, committed 3200K, reserved 1048576K
Event: 1.298 GC heap after
Heap after GC invocations=3 (full 1):
 PSYoungGen      total 38400K, used 0K [0x00000000d5c00000, 0x00000000da700000, 0x0000000100000000)
  eden space 33280K, 0% used [0x00000000d5c00000,0x00000000d5c00000,0x00000000d7c80000)
  from space 5120K, 0% used [0x00000000d8180000,0x00000000d8180000,0x00000000d8680000)
  to   space 5120K, 0% used [0x00000000d7c80000,0x00000000d7c80000,0x00000000d8180000)
 ParOldGen       total 66560K, used 7933K [0x0000000081400000, 0x0000000085500000, 0x00000000d5c00000)
  object space 66560K, 11% used [0x0000000081400000,0x0000000081bbf770,0x0000000085500000)
 Metaspace       used 20199K, capacity 21152K, committed 21296K, reserved 1067008K
  class space    used 2967K, capacity 3174K, committed 3200K, reserved 1048576K
}
Event: 2.806 GC heap before
{Heap before GC invocations=4 (full 1):
 PSYoungGen      total 38400K, used 33280K [0x00000000d5c00000, 0x00000000da700000, 0x0000000100000000)
  eden space 33280K, 100% used [0x00000000d5c00000,0x00000000d7c80000,0x00000000d7c80000)
  from space 5120K, 0% used [0x00000000d8180000,0x00000000d8180000,0x00000000d8680000)
  to   space 5120K, 0% used [0x00000000d7c80000,0x00000000d7c80000,0x00000000d8180000)
 ParOldGen       total 66560K, used 7933K [0x0000000081400000, 0x0000000085500000, 0x00000000d5c00000)
  object space 66560K, 11% used [0x0000000081400000,0x0000000081bbf770,0x0000000085500000)
 Metaspace       used 25286K, capacity 26470K, committed 26752K, reserved 1073152K
  class space    used 3639K, capacity 3881K, committed 3968K, reserved 1048576K
Event: 2.813 GC heap after
Heap after GC invocations=4 (full 1):
 PSYoungGen      total 38400K, used 5105K [0x00000000d5c00000, 0x00000000d8f00000, 0x0000000100000000)
  eden space 33280K, 0% used [0x00000000d5c00000,0x00000000d5c00000,0x00000000d7c80000)
  from space 5120K, 99% used [0x00000000d7c80000,0x00000000d817c6b0,0x00000000d8180000)
  to   space 5120K, 0% used [0x00000000d8a00000,0x00000000d8a00000,0x00000000d8f00000)
 ParOldGen       total 66560K, used 11578K [0x0000000081400000, 0x0000000085500000, 0x00000000d5c00000)
  object space 66560K, 17% used [0x0000000081400000,0x0000000081f4ea98,0x0000000085500000)
 Metaspace       used 25286K, capacity 26470K, committed 26752K, reserved 1073152K
  class space    used 3639K, capacity 3881K, committed 3968K, reserved 1048576K
}

Deoptimization events (10 events):
Event: 1.943 Thread 0x00000000198ac800 Uncommon trap: reason=class_check action=maybe_recompile pc=0x0000000002e81ae8 method=java.io.DataInputStream.readChar()C @ 4
Event: 2.180 Thread 0x00000000198ac800 Uncommon trap: reason=unstable_if action=reinterpret pc=0x0000000002e21910 method=java.util.Arrays.equals([B[B)Z @ 41
Event: 2.662 Thread 0x00000000198ac800 Uncommon trap: reason=class_check action=maybe_recompile pc=0x0000000002cd0d74 method=java.util.regex.Pattern$Curly.match(Ljava/util/regex/Matcher;ILjava/lang/CharSequence;)Z @ 19
Event: 2.682 Thread 0x0000000019556800 Uncommon trap: reason=array_check action=maybe_recompile pc=0x0000000002e2d94c method=com.sun.javafx.css.SimpleSelector.applies(Ljavafx/css/Styleable;[Ljava/util/Set;I)Z @ 37
Event: 2.682 Thread 0x0000000019556800 Uncommon trap: reason=array_check action=maybe_recompile pc=0x0000000002e2d94c method=com.sun.javafx.css.SimpleSelector.applies(Ljavafx/css/Styleable;[Ljava/util/Set;I)Z @ 37
Event: 2.683 Thread 0x0000000019556800 Uncommon trap: reason=array_check action=maybe_recompile pc=0x0000000002e2d94c method=com.sun.javafx.css.SimpleSelector.applies(Ljavafx/css/Styleable;[Ljava/util/Set;I)Z @ 37
Event: 2.687 Thread 0x0000000019556800 Uncommon trap: reason=array_check action=maybe_recompile pc=0x0000000002e2d94c method=com.sun.javafx.css.SimpleSelector.applies(Ljavafx/css/Styleable;[Ljava/util/Set;I)Z @ 37
Event: 2.802 Thread 0x0000000019556800 Uncommon trap: reason=unstable_if action=reinterpret pc=0x0000000002a21090 method=java.lang.AbstractStringBuilder.append(Ljava/lang/String;)Ljava/lang/AbstractStringBuilder; @ 1
Event: 2.818 Thread 0x0000000019556800 Uncommon trap: reason=unstable_if action=reinterpret pc=0x00000000029cd3c8 method=java.lang.AbstractStringBuilder.append(Ljava/lang/String;)Ljava/lang/AbstractStringBuilder; @ 1
Event: 3.112 Thread 0x00000000198ac800 Uncommon trap: reason=predicate action=maybe_recompile pc=0x0000000002f9bda4 method=java.util.regex.Pattern$SliceI.match(Ljava/util/regex/Matcher;ILjava/lang/CharSequence;)Z @ 21

Internal exceptions (10 events):
Event: 0.896 Thread 0x0000000019556800 Exception <a 'sun/nio/fs/WindowsException'> (0x00000000d5ed3c78) thrown at [C:\re\workspace\8-2-build-windows-amd64-cygwin\jdk8u151\9699\hotspot\src\share\vm\prims\jni.cpp, line 709]
Event: 0.903 Thread 0x0000000019556800 Exception <a 'sun/nio/fs/WindowsException'> (0x00000000d5ee0578) thrown at [C:\re\workspace\8-2-build-windows-amd64-cygwin\jdk8u151\9699\hotspot\src\share\vm\prims\jni.cpp, line 709]
Event: 0.903 Thread 0x0000000019556800 Exception <a 'sun/nio/fs/WindowsException'> (0x00000000d5ee0a88) thrown at [C:\re\workspace\8-2-build-windows-amd64-cygwin\jdk8u151\9699\hotspot\src\share\vm\prims\jni.cpp, line 709]
Event: 0.974 Thread 0x00000000198ac800 Implicit null exception at 0x0000000002b5af82 to 0x0000000002b5c2d4
Event: 1.060 Thread 0x00000000198ac800 Exception <a 'java/lang/ArrayIndexOutOfBoundsException': 59> (0x00000000d65f0b20) thrown at [C:\re\workspace\8-2-build-windows-amd64-cygwin\jdk8u151\9699\hotspot\src\share\vm\interpreter\interpreterRuntime.cpp, line 366]
Event: 1.433 Thread 0x0000000019556800 Implicit null exception at 0x0000000002d60676 to 0x0000000002d60ded
Event: 2.797 Thread 0x0000000019556800 Exception <a 'sun/nio/fs/WindowsException'> (0x00000000d7c4ded8) thrown at [C:\re\workspace\8-2-build-windows-amd64-cygwin\jdk8u151\9699\hotspot\src\share\vm\prims\jni.cpp, line 709]
Event: 2.798 Thread 0x0000000019556800 Exception <a 'sun/nio/fs/WindowsException'> (0x00000000d7c4f930) thrown at [C:\re\workspace\8-2-build-windows-amd64-cygwin\jdk8u151\9699\hotspot\src\share\vm\prims\jni.cpp, line 709]
Event: 2.802 Thread 0x0000000019556800 Implicit null exception at 0x0000000002a20cd6 to 0x0000000002a21079
Event: 2.818 Thread 0x0000000019556800 Implicit null exception at 0x00000000029cd016 to 0x00000000029cd3b1

Events (10 events):
Event: 3.112 Thread 0x00000000198ac800 DEOPT UNPACKING pc=0x000000000280582a sp=0x000000002179c8b0 mode 2
Event: 3.173 Thread 0x00000000208a4000 Thread added: 0x00000000208a4000
Event: 3.173 Thread 0x00000000208a4000 Thread exited: 0x00000000208a4000
Event: 3.318 Thread 0x00000000208a5000 Thread added: 0x00000000208a5000
Event: 3.318 Thread 0x00000000208a5000 Thread exited: 0x00000000208a5000
Event: 3.348 loading class com/sun/webkit/network/URLLoader$Redirect
Event: 3.348 loading class com/sun/webkit/network/URLLoader$Redirect done
Event: 3.351 loading class com/sun/webkit/network/URLLoader
Event: 3.351 loading class com/sun/webkit/network/URLLoader done
Event: 3.358 Thread 0x00000000208a4000 Thread added: 0x00000000208a4000


Dynamic libraries:
0x00007ff74dac0000 - 0x00007ff74daf7000 	C:\Program Files\Java\jdk1.8.0_151\jre\bin\java.exe
0x00007ffc564d0000 - 0x00007ffc566b1000 	C:\WINDOWS\SYSTEM32\ntdll.dll
0x00007ffc55e60000 - 0x00007ffc55f12000 	C:\WINDOWS\System32\KERNEL32.DLL
0x00007ffc533f0000 - 0x00007ffc53663000 	C:\WINDOWS\System32\KERNELBASE.dll
0x00007ffc563f0000 - 0x00007ffc56491000 	C:\WINDOWS\System32\ADVAPI32.dll
0x00007ffc55dc0000 - 0x00007ffc55e5e000 	C:\WINDOWS\System32\msvcrt.dll
0x00007ffc53db0000 - 0x00007ffc53e0b000 	C:\WINDOWS\System32\sechost.dll
0x00007ffc55f20000 - 0x00007ffc56044000 	C:\WINDOWS\System32\RPCRT4.dll
0x00007ffc55570000 - 0x00007ffc55700000 	C:\WINDOWS\System32\USER32.dll
0x00007ffc53670000 - 0x00007ffc53690000 	C:\WINDOWS\System32\win32u.dll
0x00007ffc55360000 - 0x00007ffc55388000 	C:\WINDOWS\System32\GDI32.dll
0x00007ffc52b40000 - 0x00007ffc52cd2000 	C:\WINDOWS\System32\gdi32full.dll
0x00007ffc53840000 - 0x00007ffc538df000 	C:\WINDOWS\System32\msvcp_win.dll
0x00007ffc53740000 - 0x00007ffc5383a000 	C:\WINDOWS\System32\ucrtbase.dll
0x00007ffc45f10000 - 0x00007ffc46179000 	C:\WINDOWS\WinSxS\amd64_microsoft.windows.common-controls_6595b64144ccf1df_6.0.17134.228_none_fb4599993062b194\COMCTL32.dll
0x00007ffc55700000 - 0x00007ffc55a23000 	C:\WINDOWS\System32\combase.dll
0x00007ffc538e0000 - 0x00007ffc5395a000 	C:\WINDOWS\System32\bcryptPrimitives.dll
0x00007ffc53ee0000 - 0x00007ffc53f0d000 	C:\WINDOWS\System32\IMM32.DLL
0x000000006ae10000 - 0x000000006aee2000 	C:\Program Files\Java\jdk1.8.0_151\jre\bin\msvcr100.dll
0x000000006aef0000 - 0x000000006b78d000 	C:\Program Files\Java\jdk1.8.0_151\jre\bin\server\jvm.dll
0x00007ffc55db0000 - 0x00007ffc55db8000 	C:\WINDOWS\System32\PSAPI.DLL
0x00007ffc4b4c0000 - 0x00007ffc4b4ca000 	C:\WINDOWS\SYSTEM32\VERSION.dll
0x00007ffc50660000 - 0x00007ffc50683000 	C:\WINDOWS\SYSTEM32\WINMM.dll
0x00007ffc50310000 - 0x00007ffc50319000 	C:\WINDOWS\SYSTEM32\WSOCK32.dll
0x00007ffc55a30000 - 0x00007ffc55a9c000 	C:\WINDOWS\System32\WS2_32.dll
0x00007ffc50630000 - 0x00007ffc5065a000 	C:\WINDOWS\SYSTEM32\winmmbase.dll
0x00007ffc536f0000 - 0x00007ffc53739000 	C:\WINDOWS\System32\cfgmgr32.dll
0x000000006adc0000 - 0x000000006adcf000 	C:\Program Files\Java\jdk1.8.0_151\jre\bin\verify.dll
0x000000006ad90000 - 0x000000006adb9000 	C:\Program Files\Java\jdk1.8.0_151\jre\bin\java.dll
0x000000006ad70000 - 0x000000006ad86000 	C:\Program Files\Java\jdk1.8.0_151\jre\bin\zip.dll
0x00007ffc53f20000 - 0x00007ffc55360000 	C:\WINDOWS\System32\SHELL32.dll
0x00007ffc560b0000 - 0x00007ffc56159000 	C:\WINDOWS\System32\shcore.dll
0x00007ffc52ce0000 - 0x00007ffc533ed000 	C:\WINDOWS\System32\windows.storage.dll
0x00007ffc55aa0000 - 0x00007ffc55af1000 	C:\WINDOWS\System32\shlwapi.dll
0x00007ffc52880000 - 0x00007ffc52891000 	C:\WINDOWS\System32\kernel.appcore.dll
0x00007ffc52830000 - 0x00007ffc5284f000 	C:\WINDOWS\System32\profapi.dll
0x00007ffc527e0000 - 0x00007ffc5282c000 	C:\WINDOWS\System32\powrprof.dll
0x00007ffc52870000 - 0x00007ffc5287a000 	C:\WINDOWS\System32\FLTLIB.DLL
0x0000000000ca0000 - 0x0000000000ca3000 	C:\Program Files\Java\jdk1.8.0_151\jre\bin\api-ms-win-core-console-l1-1-0.dll
0x0000000002560000 - 0x0000000002563000 	C:\Program Files\Java\jdk1.8.0_151\jre\bin\api-ms-win-core-datetime-l1-1-0.dll
0x0000000002570000 - 0x0000000002573000 	C:\Program Files\Java\jdk1.8.0_151\jre\bin\api-ms-win-core-debug-l1-1-0.dll
0x0000000002580000 - 0x0000000002583000 	C:\Program Files\Java\jdk1.8.0_151\jre\bin\api-ms-win-core-errorhandling-l1-1-0.dll
0x0000000002590000 - 0x0000000002594000 	C:\Program Files\Java\jdk1.8.0_151\jre\bin\api-ms-win-core-file-l1-1-0.dll
0x00000000025a0000 - 0x00000000025a3000 	C:\Program Files\Java\jdk1.8.0_151\jre\bin\api-ms-win-core-file-l1-2-0.dll
0x00000000025b0000 - 0x00000000025b3000 	C:\Program Files\Java\jdk1.8.0_151\jre\bin\api-ms-win-core-file-l2-1-0.dll
0x00000000025c0000 - 0x00000000025c3000 	C:\Program Files\Java\jdk1.8.0_151\jre\bin\api-ms-win-core-handle-l1-1-0.dll
0x00000000025d0000 - 0x00000000025d3000 	C:\Program Files\Java\jdk1.8.0_151\jre\bin\api-ms-win-core-heap-l1-1-0.dll
0x00000000025e0000 - 0x00000000025e3000 	C:\Program Files\Java\jdk1.8.0_151\jre\bin\api-ms-win-core-interlocked-l1-1-0.dll
0x00000000025f0000 - 0x00000000025f3000 	C:\Program Files\Java\jdk1.8.0_151\jre\bin\api-ms-win-core-libraryloader-l1-1-0.dll
0x0000000002710000 - 0x0000000002713000 	C:\Program Files\Java\jdk1.8.0_151\jre\bin\api-ms-win-core-localization-l1-2-0.dll
0x0000000002720000 - 0x0000000002723000 	C:\Program Files\Java\jdk1.8.0_151\jre\bin\api-ms-win-core-memory-l1-1-0.dll
0x0000000002730000 - 0x0000000002733000 	C:\Program Files\Java\jdk1.8.0_151\jre\bin\api-ms-win-core-namedpipe-l1-1-0.dll
0x0000000002740000 - 0x0000000002743000 	C:\Program Files\Java\jdk1.8.0_151\jre\bin\api-ms-win-core-processenvironment-l1-1-0.dll
0x0000000002750000 - 0x0000000002753000 	C:\Program Files\Java\jdk1.8.0_151\jre\bin\api-ms-win-core-processthreads-l1-1-0.dll
0x0000000002760000 - 0x0000000002763000 	C:\Program Files\Java\jdk1.8.0_151\jre\bin\api-ms-win-core-processthreads-l1-1-1.dll
0x0000000002770000 - 0x0000000002773000 	C:\Program Files\Java\jdk1.8.0_151\jre\bin\api-ms-win-core-profile-l1-1-0.dll
0x0000000002780000 - 0x0000000002783000 	C:\Program Files\Java\jdk1.8.0_151\jre\bin\api-ms-win-core-rtlsupport-l1-1-0.dll
0x0000000002790000 - 0x0000000002793000 	C:\Program Files\Java\jdk1.8.0_151\jre\bin\api-ms-win-core-string-l1-1-0.dll
0x00000000027a0000 - 0x00000000027a3000 	C:\Program Files\Java\jdk1.8.0_151\jre\bin\api-ms-win-core-synch-l1-1-0.dll
0x0000000019400000 - 0x0000000019403000 	C:\Program Files\Java\jdk1.8.0_151\jre\bin\api-ms-win-core-synch-l1-2-0.dll
0x0000000019410000 - 0x0000000019413000 	C:\Program Files\Java\jdk1.8.0_151\jre\bin\api-ms-win-core-sysinfo-l1-1-0.dll
0x0000000019420000 - 0x0000000019423000 	C:\Program Files\Java\jdk1.8.0_151\jre\bin\api-ms-win-core-timezone-l1-1-0.dll
0x0000000019430000 - 0x0000000019433000 	C:\Program Files\Java\jdk1.8.0_151\jre\bin\api-ms-win-core-util-l1-1-0.dll
0x0000000019440000 - 0x0000000019443000 	C:\Program Files\Java\jdk1.8.0_151\jre\bin\api-ms-win-crt-conio-l1-1-0.dll
0x0000000019450000 - 0x0000000019454000 	C:\Program Files\Java\jdk1.8.0_151\jre\bin\api-ms-win-crt-convert-l1-1-0.dll
0x0000000019460000 - 0x0000000019463000 	C:\Program Files\Java\jdk1.8.0_151\jre\bin\api-ms-win-crt-environment-l1-1-0.dll
0x0000000019470000 - 0x0000000019473000 	C:\Program Files\Java\jdk1.8.0_151\jre\bin\api-ms-win-crt-filesystem-l1-1-0.dll
0x0000000019480000 - 0x0000000019483000 	C:\Program Files\Java\jdk1.8.0_151\jre\bin\api-ms-win-crt-heap-l1-1-0.dll
0x0000000019490000 - 0x0000000019493000 	C:\Program Files\Java\jdk1.8.0_151\jre\bin\api-ms-win-crt-locale-l1-1-0.dll
0x00000000194a0000 - 0x00000000194a5000 	C:\Program Files\Java\jdk1.8.0_151\jre\bin\api-ms-win-crt-math-l1-1-0.dll
0x00000000194b0000 - 0x00000000194b5000 	C:\Program Files\Java\jdk1.8.0_151\jre\bin\api-ms-win-crt-multibyte-l1-1-0.dll
0x00000000194c0000 - 0x00000000194d0000 	C:\Program Files\Java\jdk1.8.0_151\jre\bin\api-ms-win-crt-private-l1-1-0.dll
0x00000000194d0000 - 0x00000000194d3000 	C:\Program Files\Java\jdk1.8.0_151\jre\bin\api-ms-win-crt-process-l1-1-0.dll
0x00000000194e0000 - 0x00000000194e4000 	C:\Program Files\Java\jdk1.8.0_151\jre\bin\api-ms-win-crt-runtime-l1-1-0.dll
0x00000000194f0000 - 0x00000000194f4000 	C:\Program Files\Java\jdk1.8.0_151\jre\bin\api-ms-win-crt-stdio-l1-1-0.dll
0x0000000019500000 - 0x0000000019504000 	C:\Program Files\Java\jdk1.8.0_151\jre\bin\api-ms-win-crt-string-l1-1-0.dll
0x0000000019510000 - 0x0000000019513000 	C:\Program Files\Java\jdk1.8.0_151\jre\bin\api-ms-win-crt-time-l1-1-0.dll
0x0000000019520000 - 0x0000000019523000 	C:\Program Files\Java\jdk1.8.0_151\jre\bin\api-ms-win-crt-utility-l1-1-0.dll
0x00007ffc17fa0000 - 0x00007ffc18096000 	C:\Program Files\Java\jdk1.8.0_151\jre\bin\ucrtbase.dll
0x00007ffc1cba0000 - 0x00007ffc1cbf1000 	C:\Program Files\Java\jdk1.8.0_151\jre\bin\concrt140.dll
0x00007ffc179b0000 - 0x00007ffc17a4c000 	C:\Program Files\Java\jdk1.8.0_151\jre\bin\MSVCP140.dll
0x00007ffc20e00000 - 0x00007ffc20e16000 	C:\Program Files\Java\jdk1.8.0_151\jre\bin\VCRUNTIME140.dll
0x000000006aa30000 - 0x000000006aa53000 	C:\Program Files\Java\jdk1.8.0_151\jre\bin\prism_d3d.dll
0x00007ffc17c40000 - 0x00007ffc17dd7000 	C:\WINDOWS\system32\d3d9.dll
0x00007ffc50fd0000 - 0x00007ffc50ff9000 	C:\WINDOWS\SYSTEM32\dwmapi.dll
0x00007ffc50ba0000 - 0x00007ffc50c38000 	C:\WINDOWS\system32\uxtheme.dll
0x00007ffbfcfc0000 - 0x00007ffc027ac000 	C:\WINDOWS\System32\DriverStore\FileRepository\igdlh64.inf_amd64_eb6d5c41a8316031\igdumdim64.dll
0x00007ffc53e10000 - 0x00007ffc53ed2000 	C:\WINDOWS\System32\OLEAUT32.dll
0x00007ffc55ba0000 - 0x00007ffc55cf1000 	C:\WINDOWS\System32\ole32.dll
0x00007ffc53960000 - 0x00007ffc53dab000 	C:\WINDOWS\System32\SETUPAPI.dll
0x000000006a9e0000 - 0x000000006aa29000 	C:\Program Files\Java\jdk1.8.0_151\jre\bin\glass.dll
0x00007ffc56160000 - 0x00007ffc5624d000 	C:\WINDOWS\System32\COMDLG32.dll
0x00007ffc553f0000 - 0x00007ffc55565000 	C:\WINDOWS\System32\MSCTF.dll
0x00007ffc47370000 - 0x00007ffc484cf000 	C:\WINDOWS\System32\DriverStore\FileRepository\igdlh64.inf_amd64_eb6d5c41a8316031\igc64.dll
0x000000006a9c0000 - 0x000000006a9d4000 	C:\Program Files\Java\jdk1.8.0_151\jre\bin\javafx_font.dll
0x00007ffc31f70000 - 0x00007ffc3228c000 	C:\WINDOWS\SYSTEM32\dwrite.dll
0x000000006ad50000 - 0x000000006ad6a000 	C:\Program Files\Java\jdk1.8.0_151\jre\bin\net.dll
0x00007ffc52060000 - 0x00007ffc520c6000 	C:\WINDOWS\system32\mswsock.dll
0x000000006ad30000 - 0x000000006ad41000 	C:\Program Files\Java\jdk1.8.0_151\jre\bin\nio.dll
0x00007ffc55b00000 - 0x00007ffc55ba0000 	C:\WINDOWS\System32\clbcatq.dll
0x00007ffc4b950000 - 0x00007ffc4bafe000 	C:\WINDOWS\SYSTEM32\WindowsCodecs.dll
0x00007ffc42a90000 - 0x00007ffc42ae8000 	C:\WINDOWS\system32\dataexchange.dll
0x00007ffc4f750000 - 0x00007ffc4fa5b000 	C:\WINDOWS\system32\d3d11.dll
0x00007ffc50490000 - 0x00007ffc5062c000 	C:\WINDOWS\system32\dcomp.dll
0x00007ffc513a0000 - 0x00007ffc5145b000 	C:\WINDOWS\system32\dxgi.dll
0x00007ffc50ca0000 - 0x00007ffc50e58000 	C:\WINDOWS\system32\twinapi.appcore.dll
0x00007ffc50c70000 - 0x00007ffc50c91000 	C:\WINDOWS\system32\RMCLIENT.dll
0x00007ffc200f0000 - 0x00007ffc20124000 	C:\Program Files\Common Files\Microsoft Shared\Ink\rtscom.dll
0x00007ffc42af0000 - 0x00007ffc42b87000 	C:\WINDOWS\System32\TextInputFramework.dll
0x00007ffc501d0000 - 0x00007ffc502aa000 	C:\WINDOWS\System32\CoreMessaging.dll
0x00007ffc4b130000 - 0x00007ffc4b44e000 	C:\WINDOWS\System32\CoreUIComponents.dll
0x00007ffc4e710000 - 0x00007ffc4e85d000 	C:\WINDOWS\SYSTEM32\wintypes.dll
0x00007ffc51900000 - 0x00007ffc51931000 	C:\WINDOWS\SYSTEM32\ntmarta.dll
0x000000006aa70000 - 0x000000006aa94000 	C:\Program Files\Java\jdk1.8.0_151\jre\bin\sunec.dll
0x00007ffc51de0000 - 0x00007ffc51e18000 	C:\WINDOWS\SYSTEM32\IPHLPAPI.DLL
0x00007ffc53f10000 - 0x00007ffc53f18000 	C:\WINDOWS\System32\NSI.dll
0x00007ffc4aff0000 - 0x00007ffc4b006000 	C:\WINDOWS\SYSTEM32\dhcpcsvc6.DLL
0x00007ffc4a930000 - 0x00007ffc4a94a000 	C:\WINDOWS\SYSTEM32\dhcpcsvc.DLL
0x000000006a9a0000 - 0x000000006a9b2000 	C:\Program Files\Java\jdk1.8.0_151\jre\bin\prism_common.dll
0x00007ffc52220000 - 0x00007ffc52237000 	C:\WINDOWS\SYSTEM32\CRYPTSP.dll
0x00007ffc51c40000 - 0x00007ffc51c73000 	C:\WINDOWS\system32\rsaenh.dll
0x00007ffc52340000 - 0x00007ffc52365000 	C:\WINDOWS\SYSTEM32\bcrypt.dll
0x00007ffc52710000 - 0x00007ffc52738000 	C:\WINDOWS\SYSTEM32\USERENV.dll
0x00007ffc52210000 - 0x00007ffc5221b000 	C:\WINDOWS\SYSTEM32\CRYPTBASE.dll
0x000000006aa60000 - 0x000000006aa6b000 	C:\Program Files\Java\jdk1.8.0_151\jre\bin\sunmscapi.dll
0x00007ffc52950000 - 0x00007ffc52b32000 	C:\WINDOWS\System32\CRYPT32.dll
0x00007ffc52850000 - 0x00007ffc52862000 	C:\WINDOWS\System32\MSASN1.dll
0x00007ffc51e20000 - 0x00007ffc51ede000 	C:\WINDOWS\SYSTEM32\DNSAPI.dll

VM Arguments:
jvm_args: -Dfile.encoding=UTF-8 
java_command: C:\Users\vinic\Desktop\TCC\App\tcc-entra-21-app\dist\run1469937177\tcc-entra-21.jar
java_class_path (initial): C:\Users\vinic\Desktop\TCC\App\tcc-entra-21-app\dist\run1469937177\tcc-entra-21.jar
Launcher Type: SUN_STANDARD

Environment Variables:
PATH=C:\Python36_64\Scripts\;C:\Python36_64\;C:\Program Files (x86)\Common Files\Oracle\Java\javapath;C:\ProgramData\Oracle\Java\javapath;C:\Program Files (x86)\Intel\iCLS Client\;C:\Program Files\Intel\iCLS Client\;C:\windows\system32;C:\windows;C:\windows\System32\Wbem;C:\windows\System32\WindowsPowerShell\v1.0\;C:\Program Files (x86)\NVIDIA Corporation\PhysX\Common;C:\Program Files (x86)\Intel\Intel(R) Management Engine Components\DAL;C:\Program Files\Intel\Intel(R) Management Engine Components\DAL;C:\Program Files (x86)\Intel\Intel(R) Management Engine Components\IPT;C:\Program Files\Intel\Intel(R) Management Engine Components\IPT;C:\WINDOWS\system32;C:\WINDOWS;C:\WINDOWS\System32\Wbem;C:\WINDOWS\System32\WindowsPowerShell\v1.0\;C:\Program Files\dotnet\;C:\Program Files\Microsoft SQL Server\130\Tools\Binn\;C:\Program Files\Git\cmd;C:\Program Files\Microsoft SQL Server\Client SDK\ODBC\130\Tools\Binn\;C:\Program Files (x86)\Microsoft SQL Server\140\Tools\Binn\;C:\Program Files\Microsoft SQL Server\140\Tools\Binn\;C:\Program Files\Microsoft SQL Server\140\DTS\Binn\;C:\Program Files (x86)\Microsoft SQL Server\Client SDK\ODBC\130\Tools\Binn\;C:\Program Files (x86)\Microsoft SQL Server\140\DTS\Binn\;C:\Program Files (x86)\Microsoft SQL Server\140\Tools\Binn\ManagementStudio\;C:\wamp64\bin\php\php7.0.23;C:\wamp64\bin\php\php5.6.31;C:\ProgramData\ComposerSetup\bin;C:\WINDOWS\System32\OpenSSH\;C:\Program Files\Microsoft VS Code\bin;C:\Users\vinic\AppData\Local\Microsoft\WindowsApps;;C:\Program Files\Microsoft VS Code\bin;C:\Users\vinic\AppData\Roaming\Composer\vendor\bin
USERNAME=vinic
OS=Windows_NT
PROCESSOR_IDENTIFIER=Intel64 Family 6 Model 142 Stepping 9, GenuineIntel



---------------  S Y S T E M  ---------------

OS: Windows 10.0 , 64 bit Build 17134 (10.0.17134.1)

CPU:total 4 (initial active 4) (2 cores per cpu, 2 threads per core) family 6 model 142 stepping 9, cmov, cx8, fxsr, mmx, sse, sse2, sse3, ssse3, sse4.1, sse4.2, popcnt, avx, avx2, aes, clmul, erms, 3dnowpref, lzcnt, ht, tsc, tscinvbit, bmi1, bmi2, adx

Memory: 4k page, physical 8299936k(3160968k free), swap 9610656k(2998760k free)

vm_info: Java HotSpot(TM) 64-Bit Server VM (25.151-b12) for windows-amd64 JRE (1.8.0_151-b12), built on Sep  5 2017 19:33:46 by "java_re" with MS VC++ 10.0 (VS2010)

time: Mon Aug 20 09:40:03 2018
elapsed time: 3 seconds (0d 0h 0m 3s)

