#
# A fatal error has been detected by the Java Runtime Environment:
#
#  EXCEPTION_ACCESS_VIOLATION (0xc0000005) at pc=0x00000000671ed61a, pid=4924, tid=0x000000000000259c
#
# JRE version: Java(TM) SE Runtime Environment (8.0_151-b12) (build 1.8.0_151-b12)
# Java VM: Java HotSpot(TM) 64-Bit Server VM (25.151-b12 mixed mode windows-amd64 compressed oops)
# Problematic frame:
# C  0x00000000671ed61a
#
# Failed to write core dump. Minidumps are not enabled by default on client versions of Windows
#
# If you would like to submit a bug report, please visit:
#   http://bugreport.java.com/bugreport/crash.jsp
# The crash happened outside the Java Virtual Machine in native code.
# See problematic frame for where to report the bug.
#

---------------  T H R E A D  ---------------

Current thread (0x0000000019784000):  JavaThread "JavaFX Application Thread" [_thread_in_native, id=9628, stack(0x000000001a3d0000,0x000000001a4d0000)]

siginfo: ExceptionCode=0xc0000005, reading address 0x0000000000000739

Registers:
RAX=0x000000001a4cd260, RBX=0x000000001a4cd260, RCX=0x0000000000000000, RDX=0x0000000023b7e9e0
RSP=0x000000001a4ccbd0, RBP=0x0000000000000000, RSI=0x000000001edb38c0, RDI=0x00000000682f11c8
R8 =0x0000000023b7e9f0, R9 =0x0000000023ac2450, R10=0x0000000023b7e9f0, R11=0x0000000000000007
R12=0x000000001a4cd260, R13=0x000000001a4cd0d0, R14=0x000000001a4cd260, R15=0x0000000000000000
RIP=0x00000000671ed61a, EFLAGS=0x0000000000010202

Top of Stack: (sp=0x000000001a4ccbd0)
0x000000001a4ccbd0:   000000000087c3f0 000000001edb38c0
0x000000001a4ccbe0:   0000000000000000 000000001edb38c0
0x000000001a4ccbf0:   0000000000000000 0000000000000000
0x000000001a4ccc00:   000000001ed61740 00000000671df1de
0x000000001a4ccc10:   000000021ed61740 0000000000000000
0x000000001a4ccc20:   000000001a2b7890 00009a356a678167
0x000000001a4ccc30:   0000000000000000 000000001edb38c0
0x000000001a4ccc40:   000000001a4cd0d0 000000001a4cd260
0x000000001a4ccc50:   0000000000000000 000000001edb38c0
0x000000001a4ccc60:   000000001a290d00 00000000671f1bbb
0x000000001a4ccc70:   000000001a4cd260 000000001a4ccd70
0x000000001a4ccc80:   000000001edb3ad8 000000001a4cd260
0x000000001a4ccc90:   000000001a4ccd20 00007ffc564e0428
0x000000001a4ccca0:   0000000000000000 0000000000000030
0x000000001a4cccb0:   0000000000000000 0000000000d10000
0x000000001a4cccc0:   0000000000000000 0000000000000000 

Instructions: (pc=0x00000000671ed61a)
0x00000000671ed5fa:   a2 93 c0 ff 45 84 ff 4c 8b bc 24 80 00 00 00 75
0x00000000671ed60a:   58 49 8b ce e8 6d c2 15 00 48 8b 4e 20 48 8b d8
0x00000000671ed61a:   40 38 a9 39 07 00 00 75 1d 48 8b 4e 18 48 85 c9
0x00000000671ed62a:   74 07 48 8d a9 88 00 00 00 48 8b 4d 08 48 8b 01 


Register to memory mapping:

RAX=0x000000001a4cd260 is pointing into the stack for thread: 0x0000000019784000
RBX=0x000000001a4cd260 is pointing into the stack for thread: 0x0000000019784000
RCX=0x0000000000000000 is an unknown value
RDX=0x0000000023b7e9e0 is an unknown value
RSP=0x000000001a4ccbd0 is pointing into the stack for thread: 0x0000000019784000
RBP=0x0000000000000000 is an unknown value
RSI=0x000000001edb38c0 is an unknown value
RDI=0x00000000682f11c8 is an unknown value
R8 =0x0000000023b7e9f0 is an unknown value
R9 =0x0000000023ac2450 is an unknown value
R10=0x0000000023b7e9f0 is an unknown value
R11=0x0000000000000007 is an unknown value
R12=0x000000001a4cd260 is pointing into the stack for thread: 0x0000000019784000
R13=0x000000001a4cd0d0 is pointing into the stack for thread: 0x0000000019784000
R14=0x000000001a4cd260 is pointing into the stack for thread: 0x0000000019784000
R15=0x0000000000000000 is an unknown value


Stack: [0x000000001a3d0000,0x000000001a4d0000],  sp=0x000000001a4ccbd0,  free space=1010k
Native frames: (J=compiled Java code, j=interpreted, Vv=VM code, C=native code)

Java frames: (J=compiled Java code, j=interpreted, Vv=VM code)
j  com.sun.webkit.network.URLLoader.twkWillSendRequest(Ljava/lang/String;Ljava/lang/String;ILjava/lang/String;Ljava/lang/String;JLjava/lang/String;Ljava/lang/String;J)Z+0
j  com.sun.webkit.network.URLLoader.notifyWillSendRequest(Ljava/lang/String;Ljava/lang/String;ILjava/lang/String;Ljava/lang/String;JLjava/lang/String;Ljava/lang/String;)Z+107
j  com.sun.webkit.network.URLLoader.lambda$willSendRequest$100(Ljava/lang/String;Ljava/lang/String;ILjava/lang/String;Ljava/lang/String;JLjava/lang/String;Ljava/lang/String;Ljava/util/concurrent/CountDownLatch;)V+21
j  com.sun.webkit.network.URLLoader$$Lambda$367.run()V+40
j  com.sun.javafx.application.PlatformImpl.lambda$null$172(Ljava/lang/Runnable;)Ljava/lang/Void;+1
j  com.sun.javafx.application.PlatformImpl$$Lambda$49.run()Ljava/lang/Object;+4
v  ~StubRoutines::call_stub
J 1882  java.security.AccessController.doPrivileged(Ljava/security/PrivilegedAction;Ljava/security/AccessControlContext;)Ljava/lang/Object; (0 bytes) @ 0x0000000002f923e6 [0x0000000002f92380+0x66]
j  com.sun.javafx.application.PlatformImpl.lambda$runLater$173(Ljava/lang/Runnable;Ljava/security/AccessControlContext;)V+7
j  com.sun.javafx.application.PlatformImpl$$Lambda$48.run()V+8
j  com.sun.glass.ui.InvokeLaterDispatcher$Future.run()V+4
v  ~StubRoutines::call_stub
j  com.sun.glass.ui.win.WinApplication._runLoop(Ljava/lang/Runnable;)V+0
j  com.sun.glass.ui.win.WinApplication.lambda$null$147(ILjava/lang/Runnable;)V+8
j  com.sun.glass.ui.win.WinApplication$$Lambda$37.run()V+12
j  java.lang.Thread.run()V+11
v  ~StubRoutines::call_stub

---------------  P R O C E S S  ---------------

Java Threads: ( => current thread )
  0x0000000020de2800 JavaThread "URL-Loader-3" daemon [_thread_in_native, id=5704, stack(0x0000000064970000,0x0000000064a70000)]
  0x0000000020de5800 JavaThread "URL-Loader-2" daemon [_thread_blocked, id=10284, stack(0x0000000064470000,0x0000000064570000)]
  0x0000000020de6000 JavaThread "URL-Loader-1" daemon [_thread_in_native, id=8456, stack(0x0000000064370000,0x0000000064470000)]
  0x0000000020de1800 JavaThread "Disposer" daemon [_thread_blocked, id=6676, stack(0x0000000064270000,0x0000000064370000)]
  0x0000000020c03000 JavaThread "Keep-Alive-Timer" daemon [_thread_blocked, id=10308, stack(0x0000000023f60000,0x0000000024060000)]
  0x0000000019c35800 JavaThread "Prism Font Disposer" daemon [_thread_blocked, id=7364, stack(0x0000000022a60000,0x0000000022b60000)]
  0x0000000020ab7800 JavaThread "Thread-4" daemon [_thread_in_native, id=3248, stack(0x00000000218d0000,0x00000000219d0000)]
  0x00000000197fe800 JavaThread "Thread-3" daemon [_thread_in_native, id=7792, stack(0x000000001eea0000,0x000000001efa0000)]
  0x0000000019864800 JavaThread "JavaFX-Launcher" [_thread_blocked, id=8668, stack(0x000000001efa0000,0x000000001f0a0000)]
=>0x0000000019784000 JavaThread "JavaFX Application Thread" [_thread_in_native, id=9628, stack(0x000000001a3d0000,0x000000001a4d0000)]
  0x000000001977d800 JavaThread "Thread-1" daemon [_thread_blocked, id=3536, stack(0x000000001a2d0000,0x000000001a3d0000)]
  0x000000001923e800 JavaThread "QuantumRenderer-0" daemon [_thread_blocked, id=9236, stack(0x0000000019f70000,0x000000001a070000)]
  0x0000000018ea0800 JavaThread "Service Thread" daemon [_thread_blocked, id=4268, stack(0x0000000019280000,0x0000000019380000)]
  0x0000000017514800 JavaThread "C1 CompilerThread2" daemon [_thread_blocked, id=9160, stack(0x0000000018d80000,0x0000000018e80000)]
  0x0000000017511000 JavaThread "C2 CompilerThread1" daemon [_thread_blocked, id=720, stack(0x0000000018c80000,0x0000000018d80000)]
  0x000000001750e000 JavaThread "C2 CompilerThread0" daemon [_thread_blocked, id=9040, stack(0x0000000018b80000,0x0000000018c80000)]
  0x000000001750d000 JavaThread "Attach Listener" daemon [_thread_blocked, id=8500, stack(0x0000000018a80000,0x0000000018b80000)]
  0x000000001750c000 JavaThread "Signal Dispatcher" daemon [_thread_blocked, id=2536, stack(0x0000000018980000,0x0000000018a80000)]
  0x00000000174fa800 JavaThread "Finalizer" daemon [_thread_blocked, id=6628, stack(0x0000000018770000,0x0000000018870000)]
  0x00000000028b2800 JavaThread "Reference Handler" daemon [_thread_blocked, id=2616, stack(0x0000000018670000,0x0000000018770000)]
  0x000000000299d800 JavaThread "main" [_thread_blocked, id=908, stack(0x0000000002660000,0x0000000002760000)]

Other Threads:
  0x00000000174d6800 VMThread [stack: 0x0000000018570000,0x0000000018670000] [id=7076]
  0x0000000018ece000 WatcherThread [stack: 0x00000000194d0000,0x00000000195d0000] [id=8384]

VM state:not at safepoint (normal execution)

VM Mutex/Monitor currently owned by a thread: None

Heap:
 PSYoungGen      total 38400K, used 7540K [0x00000000d5c00000, 0x00000000d8f00000, 0x0000000100000000)
  eden space 33280K, 7% used [0x00000000d5c00000,0x00000000d5e61080,0x00000000d7c80000)
  from space 5120K, 99% used [0x00000000d7c80000,0x00000000d817c250,0x00000000d8180000)
  to   space 5120K, 0% used [0x00000000d8a00000,0x00000000d8a00000,0x00000000d8f00000)
 ParOldGen       total 67072K, used 11850K [0x0000000081400000, 0x0000000085580000, 0x00000000d5c00000)
  object space 67072K, 17% used [0x0000000081400000,0x0000000081f92878,0x0000000085580000)
 Metaspace       used 25849K, capacity 27250K, committed 27392K, reserved 1073152K
  class space    used 3729K, capacity 4013K, committed 4096K, reserved 1048576K

Card table byte_map: [0x0000000011d60000,0x0000000012160000] byte_map_base: 0x0000000011956000

Marking Bits: (ParMarkBitMap*) 0x000000006b70d850
 Begin Bits: [0x0000000012810000, 0x00000000147c0000)
 End Bits:   [0x00000000147c0000, 0x0000000016770000)

Polling page: 0x0000000000e80000

CodeCache: size=245760Kb used=8253Kb max_used=8261Kb free=237506Kb
 bounds [0x00000000029a0000, 0x00000000031c0000, 0x00000000119a0000]
 total_blobs=3434 nmethods=2655 adapters=690
 compilation: enabled

Compilation events (10 events):
Event: 3.263 Thread 0x0000000017514800 nmethod 2640 0x00000000031a6510 code [0x00000000031a6d00, 0x00000000031ad488]
Event: 3.263 Thread 0x0000000017514800 2641       1       com.sun.glass.ui.InvokeLaterDispatcher::access$000 (5 bytes)
Event: 3.263 Thread 0x0000000017514800 nmethod 2641 0x000000000319fe10 code [0x000000000319ff60, 0x00000000031a0050]
Event: 3.263 Thread 0x0000000017514800 2642       1       com.sun.glass.ui.InvokeLaterDispatcher$Future::isDone (5 bytes)
Event: 3.263 Thread 0x0000000017514800 nmethod 2642 0x000000000319fb50 code [0x000000000319fca0, 0x000000000319fdb0]
Event: 3.264 Thread 0x000000001750e000 nmethod 2643 0x00000000031b2090 code [0x00000000031b2200, 0x00000000031b2518]
Event: 3.264 Thread 0x0000000017511000 nmethod 2645 0x00000000031b03d0 code [0x00000000031b0520, 0x00000000031b0918]
Event: 3.266 Thread 0x000000001750e000 2646       4       java.lang.String::concat (47 bytes)
Event: 3.267 Thread 0x0000000017514800 2651       3       sun.invoke.util.Wrapper::isDoubleWord (15 bytes)
Event: 3.267 Thread 0x0000000017514800 nmethod 2651 0x00000000031af650 code [0x00000000031af7a0, 0x00000000031af950]

GC Heap History (8 events):
Event: 0.819 GC heap before
{Heap before GC invocations=1 (full 0):
 PSYoungGen      total 38400K, used 33280K [0x00000000d5c00000, 0x00000000d8680000, 0x0000000100000000)
  eden space 33280K, 100% used [0x00000000d5c00000,0x00000000d7c80000,0x00000000d7c80000)
  from space 5120K, 0% used [0x00000000d8180000,0x00000000d8180000,0x00000000d8680000)
  to   space 5120K, 0% used [0x00000000d7c80000,0x00000000d7c80000,0x00000000d8180000)
 ParOldGen       total 87552K, used 0K [0x0000000081400000, 0x0000000086980000, 0x00000000d5c00000)
  object space 87552K, 0% used [0x0000000081400000,0x0000000081400000,0x0000000086980000)
 Metaspace       used 14311K, capacity 14866K, committed 14976K, reserved 1062912K
  class space    used 1998K, capacity 2145K, committed 2176K, reserved 1048576K
Event: 0.826 GC heap after
Heap after GC invocations=1 (full 0):
 PSYoungGen      total 38400K, used 5103K [0x00000000d5c00000, 0x00000000d8680000, 0x0000000100000000)
  eden space 33280K, 0% used [0x00000000d5c00000,0x00000000d5c00000,0x00000000d7c80000)
  from space 5120K, 99% used [0x00000000d7c80000,0x00000000d817bff0,0x00000000d8180000)
  to   space 5120K, 0% used [0x00000000d8180000,0x00000000d8180000,0x00000000d8680000)
 ParOldGen       total 87552K, used 1549K [0x0000000081400000, 0x0000000086980000, 0x00000000d5c00000)
  object space 87552K, 1% used [0x0000000081400000,0x00000000815834d8,0x0000000086980000)
 Metaspace       used 14311K, capacity 14866K, committed 14976K, reserved 1062912K
  class space    used 1998K, capacity 2145K, committed 2176K, reserved 1048576K
}
Event: 1.331 GC heap before
{Heap before GC invocations=2 (full 0):
 PSYoungGen      total 38400K, used 23476K [0x00000000d5c00000, 0x00000000d8680000, 0x0000000100000000)
  eden space 33280K, 55% used [0x00000000d5c00000,0x00000000d6df12e8,0x00000000d7c80000)
  from space 5120K, 99% used [0x00000000d7c80000,0x00000000d817bff0,0x00000000d8180000)
  to   space 5120K, 0% used [0x00000000d8180000,0x00000000d8180000,0x00000000d8680000)
 ParOldGen       total 87552K, used 1549K [0x0000000081400000, 0x0000000086980000, 0x00000000d5c00000)
  object space 87552K, 1% used [0x0000000081400000,0x00000000815834d8,0x0000000086980000)
 Metaspace       used 20264K, capacity 21216K, committed 21296K, reserved 1067008K
  class space    used 2967K, capacity 3174K, committed 3200K, reserved 1048576K
Event: 1.340 GC heap after
Heap after GC invocations=2 (full 0):
 PSYoungGen      total 38400K, used 5089K [0x00000000d5c00000, 0x00000000da700000, 0x0000000100000000)
  eden space 33280K, 0% used [0x00000000d5c00000,0x00000000d5c00000,0x00000000d7c80000)
  from space 5120K, 99% used [0x00000000d8180000,0x00000000d86785c0,0x00000000d8680000)
  to   space 5120K, 0% used [0x00000000d7c80000,0x00000000d7c80000,0x00000000d8180000)
 ParOldGen       total 87552K, used 3457K [0x0000000081400000, 0x0000000086980000, 0x00000000d5c00000)
  object space 87552K, 3% used [0x0000000081400000,0x00000000817606b8,0x0000000086980000)
 Metaspace       used 20264K, capacity 21216K, committed 21296K, reserved 1067008K
  class space    used 2967K, capacity 3174K, committed 3200K, reserved 1048576K
}
Event: 1.340 GC heap before
{Heap before GC invocations=3 (full 1):
 PSYoungGen      total 38400K, used 5089K [0x00000000d5c00000, 0x00000000da700000, 0x0000000100000000)
  eden space 33280K, 0% used [0x00000000d5c00000,0x00000000d5c00000,0x00000000d7c80000)
  from space 5120K, 99% used [0x00000000d8180000,0x00000000d86785c0,0x00000000d8680000)
  to   space 5120K, 0% used [0x00000000d7c80000,0x00000000d7c80000,0x00000000d8180000)
 ParOldGen       total 87552K, used 3457K [0x0000000081400000, 0x0000000086980000, 0x00000000d5c00000)
  object space 87552K, 3% used [0x0000000081400000,0x00000000817606b8,0x0000000086980000)
 Metaspace       used 20264K, capacity 21216K, committed 21296K, reserved 1067008K
  class space    used 2967K, capacity 3174K, committed 3200K, reserved 1048576K
Event: 1.378 GC heap after
Heap after GC invocations=3 (full 1):
 PSYoungGen      total 38400K, used 0K [0x00000000d5c00000, 0x00000000da700000, 0x0000000100000000)
  eden space 33280K, 0% used [0x00000000d5c00000,0x00000000d5c00000,0x00000000d7c80000)
  from space 5120K, 0% used [0x00000000d8180000,0x00000000d8180000,0x00000000d8680000)
  to   space 5120K, 0% used [0x00000000d7c80000,0x00000000d7c80000,0x00000000d8180000)
 ParOldGen       total 67072K, used 8115K [0x0000000081400000, 0x0000000085580000, 0x00000000d5c00000)
  object space 67072K, 12% used [0x0000000081400000,0x0000000081becec8,0x0000000085580000)
 Metaspace       used 20264K, capacity 21216K, committed 21296K, reserved 1067008K
  class space    used 2967K, capacity 3174K, committed 3200K, reserved 1048576K
}
Event: 3.057 GC heap before
{Heap before GC invocations=4 (full 1):
 PSYoungGen      total 38400K, used 33280K [0x00000000d5c00000, 0x00000000da700000, 0x0000000100000000)
  eden space 33280K, 100% used [0x00000000d5c00000,0x00000000d7c80000,0x00000000d7c80000)
  from space 5120K, 0% used [0x00000000d8180000,0x00000000d8180000,0x00000000d8680000)
  to   space 5120K, 0% used [0x00000000d7c80000,0x00000000d7c80000,0x00000000d8180000)
 ParOldGen       total 67072K, used 8115K [0x0000000081400000, 0x0000000085580000, 0x00000000d5c00000)
  object space 67072K, 12% used [0x0000000081400000,0x0000000081becec8,0x0000000085580000)
 Metaspace       used 25421K, capacity 26686K, committed 26752K, reserved 1073152K
  class space    used 3669K, capacity 3935K, committed 3968K, reserved 1048576K
Event: 3.065 GC heap after
Heap after GC invocations=4 (full 1):
 PSYoungGen      total 38400K, used 5104K [0x00000000d5c00000, 0x00000000d8f00000, 0x0000000100000000)
  eden space 33280K, 0% used [0x00000000d5c00000,0x00000000d5c00000,0x00000000d7c80000)
  from space 5120K, 99% used [0x00000000d7c80000,0x00000000d817c250,0x00000000d8180000)
  to   space 5120K, 0% used [0x00000000d8a00000,0x00000000d8a00000,0x00000000d8f00000)
 ParOldGen       total 67072K, used 11850K [0x0000000081400000, 0x0000000085580000, 0x00000000d5c00000)
  object space 67072K, 17% used [0x0000000081400000,0x0000000081f92878,0x0000000085580000)
 Metaspace       used 25421K, capacity 26686K, committed 26752K, reserved 1073152K
  class space    used 3669K, capacity 3935K, committed 3968K, reserved 1048576K
}

Deoptimization events (10 events):
Event: 2.002 Thread 0x0000000020ab7800 Uncommon trap: reason=class_check action=maybe_recompile pc=0x0000000002f347e8 method=java.io.DataInputStream.readChar()C @ 4
Event: 2.003 Thread 0x0000000020ab7800 Uncommon trap: reason=class_check action=maybe_recompile pc=0x0000000002f347e8 method=java.io.DataInputStream.readChar()C @ 4
Event: 2.012 Thread 0x0000000020ab7800 Uncommon trap: reason=bimorphic action=maybe_recompile pc=0x0000000003086498 method=java.io.DataInputStream.readChar()C @ 4
Event: 2.012 Thread 0x0000000020ab7800 Uncommon trap: reason=bimorphic action=maybe_recompile pc=0x0000000003086498 method=java.io.DataInputStream.readChar()C @ 4
Event: 2.012 Thread 0x0000000020ab7800 Uncommon trap: reason=bimorphic action=maybe_recompile pc=0x0000000003086498 method=java.io.DataInputStream.readChar()C @ 4
Event: 2.012 Thread 0x0000000020ab7800 Uncommon trap: reason=bimorphic action=maybe_recompile pc=0x0000000003086498 method=java.io.DataInputStream.readChar()C @ 4
Event: 2.239 Thread 0x0000000020ab7800 Uncommon trap: reason=unstable_if action=reinterpret pc=0x0000000002fffb90 method=java.util.Arrays.equals([B[B)Z @ 41
Event: 2.960 Thread 0x0000000019784000 Uncommon trap: reason=unstable_if action=reinterpret pc=0x00000000031359d4 method=java.util.HashMap$HashIterator.<init>(Ljava/util/HashMap;)V @ 45
Event: 3.078 Thread 0x0000000019784000 Uncommon trap: reason=unstable_if action=reinterpret pc=0x0000000002c02290 method=java.lang.AbstractStringBuilder.append(Ljava/lang/String;)Ljava/lang/AbstractStringBuilder; @ 1
Event: 3.087 Thread 0x0000000019784000 Uncommon trap: reason=unstable_if action=reinterpret pc=0x0000000002baae88 method=java.lang.AbstractStringBuilder.append(Ljava/lang/String;)Ljava/lang/AbstractStringBuilder; @ 1

Internal exceptions (10 events):
Event: 0.919 Thread 0x0000000019784000 Exception <a 'sun/nio/fs/WindowsException'> (0x00000000d5ee1270) thrown at [C:\re\workspace\8-2-build-windows-amd64-cygwin\jdk8u151\9699\hotspot\src\share\vm\prims\jni.cpp, line 709]
Event: 0.919 Thread 0x0000000019784000 Exception <a 'sun/nio/fs/WindowsException'> (0x00000000d5ee1780) thrown at [C:\re\workspace\8-2-build-windows-amd64-cygwin\jdk8u151\9699\hotspot\src\share\vm\prims\jni.cpp, line 709]
Event: 1.060 Thread 0x0000000020ab7800 Implicit null exception at 0x0000000002d33601 to 0x0000000002d34934
Event: 1.176 Thread 0x0000000020ab7800 Exception <a 'java/lang/ArrayIndexOutOfBoundsException': 59> (0x00000000d678d528) thrown at [C:\re\workspace\8-2-build-windows-amd64-cygwin\jdk8u151\9699\hotspot\src\share\vm\interpreter\interpreterRuntime.cpp, line 366]
Event: 1.481 Thread 0x0000000019784000 Implicit null exception at 0x0000000002f11fb6 to 0x0000000002f1272d
Event: 1.532 Thread 0x000000001923e800 Implicit null exception at 0x0000000002cfa34b to 0x0000000002cfa411
Event: 3.070 Thread 0x0000000019784000 Exception <a 'sun/nio/fs/WindowsException'> (0x00000000d5c1f1a0) thrown at [C:\re\workspace\8-2-build-windows-amd64-cygwin\jdk8u151\9699\hotspot\src\share\vm\prims\jni.cpp, line 709]
Event: 3.071 Thread 0x0000000019784000 Exception <a 'sun/nio/fs/WindowsException'> (0x00000000d5c20bf8) thrown at [C:\re\workspace\8-2-build-windows-amd64-cygwin\jdk8u151\9699\hotspot\src\share\vm\prims\jni.cpp, line 709]
Event: 3.078 Thread 0x0000000019784000 Implicit null exception at 0x0000000002c01ed6 to 0x0000000002c02279
Event: 3.087 Thread 0x0000000019784000 Implicit null exception at 0x0000000002baaad6 to 0x0000000002baae71

Events (10 events):
Event: 3.265 loading class java/util/Collections$UnmodifiableMap$UnmodifiableEntrySet done
Event: 3.265 loading class java/util/Collections$UnmodifiableMap$UnmodifiableEntrySet$1
Event: 3.265 loading class java/util/Collections$UnmodifiableMap$UnmodifiableEntrySet$1 done
Event: 3.265 loading class java/util/Collections$UnmodifiableMap$UnmodifiableEntrySet$UnmodifiableEntry
Event: 3.265 loading class java/util/Collections$UnmodifiableMap$UnmodifiableEntrySet$UnmodifiableEntry done
Event: 3.265 loading class com/sun/webkit/network/URLLoader$Redirect
Event: 3.265 loading class com/sun/webkit/network/URLLoader$Redirect done
Event: 3.266 loading class com/sun/webkit/network/URLLoader
Event: 3.266 loading class com/sun/webkit/network/URLLoader done
Event: 3.268 Thread 0x0000000020de2800 Thread added: 0x0000000020de2800


Dynamic libraries:
0x00007ff74dac0000 - 0x00007ff74daf7000 	C:\Program Files\Java\jdk1.8.0_151\jre\bin\java.exe
0x00007ffc564d0000 - 0x00007ffc566b1000 	C:\WINDOWS\SYSTEM32\ntdll.dll
0x00007ffc55e60000 - 0x00007ffc55f12000 	C:\WINDOWS\System32\KERNEL32.DLL
0x00007ffc533f0000 - 0x00007ffc53663000 	C:\WINDOWS\System32\KERNELBASE.dll
0x00007ffc563f0000 - 0x00007ffc56491000 	C:\WINDOWS\System32\ADVAPI32.dll
0x00007ffc55dc0000 - 0x00007ffc55e5e000 	C:\WINDOWS\System32\msvcrt.dll
0x00007ffc53db0000 - 0x00007ffc53e0b000 	C:\WINDOWS\System32\sechost.dll
0x00007ffc55f20000 - 0x00007ffc56044000 	C:\WINDOWS\System32\RPCRT4.dll
0x00007ffc55570000 - 0x00007ffc55700000 	C:\WINDOWS\System32\USER32.dll
0x00007ffc53670000 - 0x00007ffc53690000 	C:\WINDOWS\System32\win32u.dll
0x00007ffc55360000 - 0x00007ffc55388000 	C:\WINDOWS\System32\GDI32.dll
0x00007ffc52b40000 - 0x00007ffc52cd2000 	C:\WINDOWS\System32\gdi32full.dll
0x00007ffc53840000 - 0x00007ffc538df000 	C:\WINDOWS\System32\msvcp_win.dll
0x00007ffc53740000 - 0x00007ffc5383a000 	C:\WINDOWS\System32\ucrtbase.dll
0x00007ffc45f10000 - 0x00007ffc46179000 	C:\WINDOWS\WinSxS\amd64_microsoft.windows.common-controls_6595b64144ccf1df_6.0.17134.228_none_fb4599993062b194\COMCTL32.dll
0x00007ffc55700000 - 0x00007ffc55a23000 	C:\WINDOWS\System32\combase.dll
0x00007ffc538e0000 - 0x00007ffc5395a000 	C:\WINDOWS\System32\bcryptPrimitives.dll
0x00007ffc53ee0000 - 0x00007ffc53f0d000 	C:\WINDOWS\System32\IMM32.DLL
0x000000006ae10000 - 0x000000006aee2000 	C:\Program Files\Java\jdk1.8.0_151\jre\bin\msvcr100.dll
0x000000006aef0000 - 0x000000006b78d000 	C:\Program Files\Java\jdk1.8.0_151\jre\bin\server\jvm.dll
0x00007ffc55db0000 - 0x00007ffc55db8000 	C:\WINDOWS\System32\PSAPI.DLL
0x00007ffc50310000 - 0x00007ffc50319000 	C:\WINDOWS\SYSTEM32\WSOCK32.dll
0x00007ffc4b4c0000 - 0x00007ffc4b4ca000 	C:\WINDOWS\SYSTEM32\VERSION.dll
0x00007ffc50660000 - 0x00007ffc50683000 	C:\WINDOWS\SYSTEM32\WINMM.dll
0x00007ffc55a30000 - 0x00007ffc55a9c000 	C:\WINDOWS\System32\WS2_32.dll
0x00007ffc50630000 - 0x00007ffc5065a000 	C:\WINDOWS\SYSTEM32\winmmbase.dll
0x00007ffc536f0000 - 0x00007ffc53739000 	C:\WINDOWS\System32\cfgmgr32.dll
0x000000006adc0000 - 0x000000006adcf000 	C:\Program Files\Java\jdk1.8.0_151\jre\bin\verify.dll
0x000000006ad90000 - 0x000000006adb9000 	C:\Program Files\Java\jdk1.8.0_151\jre\bin\java.dll
0x000000006ad70000 - 0x000000006ad86000 	C:\Program Files\Java\jdk1.8.0_151\jre\bin\zip.dll
0x00007ffc53f20000 - 0x00007ffc55360000 	C:\WINDOWS\System32\SHELL32.dll
0x00007ffc560b0000 - 0x00007ffc56159000 	C:\WINDOWS\System32\shcore.dll
0x00007ffc52ce0000 - 0x00007ffc533ed000 	C:\WINDOWS\System32\windows.storage.dll
0x00007ffc55aa0000 - 0x00007ffc55af1000 	C:\WINDOWS\System32\shlwapi.dll
0x00007ffc52880000 - 0x00007ffc52891000 	C:\WINDOWS\System32\kernel.appcore.dll
0x00007ffc52830000 - 0x00007ffc5284f000 	C:\WINDOWS\System32\profapi.dll
0x00007ffc527e0000 - 0x00007ffc5282c000 	C:\WINDOWS\System32\powrprof.dll
0x00007ffc52870000 - 0x00007ffc5287a000 	C:\WINDOWS\System32\FLTLIB.DLL
0x00000000027a0000 - 0x00000000027a3000 	C:\Program Files\Java\jdk1.8.0_151\jre\bin\api-ms-win-core-console-l1-1-0.dll
0x00000000028c0000 - 0x00000000028c3000 	C:\Program Files\Java\jdk1.8.0_151\jre\bin\api-ms-win-core-datetime-l1-1-0.dll
0x00000000028d0000 - 0x00000000028d3000 	C:\Program Files\Java\jdk1.8.0_151\jre\bin\api-ms-win-core-debug-l1-1-0.dll
0x00000000028e0000 - 0x00000000028e3000 	C:\Program Files\Java\jdk1.8.0_151\jre\bin\api-ms-win-core-errorhandling-l1-1-0.dll
0x00000000028f0000 - 0x00000000028f4000 	C:\Program Files\Java\jdk1.8.0_151\jre\bin\api-ms-win-core-file-l1-1-0.dll
0x0000000002900000 - 0x0000000002903000 	C:\Program Files\Java\jdk1.8.0_151\jre\bin\api-ms-win-core-file-l1-2-0.dll
0x0000000002910000 - 0x0000000002913000 	C:\Program Files\Java\jdk1.8.0_151\jre\bin\api-ms-win-core-file-l2-1-0.dll
0x0000000002920000 - 0x0000000002923000 	C:\Program Files\Java\jdk1.8.0_151\jre\bin\api-ms-win-core-handle-l1-1-0.dll
0x0000000002930000 - 0x0000000002933000 	C:\Program Files\Java\jdk1.8.0_151\jre\bin\api-ms-win-core-heap-l1-1-0.dll
0x0000000002940000 - 0x0000000002943000 	C:\Program Files\Java\jdk1.8.0_151\jre\bin\api-ms-win-core-interlocked-l1-1-0.dll
0x0000000002950000 - 0x0000000002953000 	C:\Program Files\Java\jdk1.8.0_151\jre\bin\api-ms-win-core-libraryloader-l1-1-0.dll
0x0000000002960000 - 0x0000000002963000 	C:\Program Files\Java\jdk1.8.0_151\jre\bin\api-ms-win-core-localization-l1-2-0.dll
0x0000000002970000 - 0x0000000002973000 	C:\Program Files\Java\jdk1.8.0_151\jre\bin\api-ms-win-core-memory-l1-1-0.dll
0x0000000002980000 - 0x0000000002983000 	C:\Program Files\Java\jdk1.8.0_151\jre\bin\api-ms-win-core-namedpipe-l1-1-0.dll
0x00000000195d0000 - 0x00000000195d3000 	C:\Program Files\Java\jdk1.8.0_151\jre\bin\api-ms-win-core-processenvironment-l1-1-0.dll
0x00000000195e0000 - 0x00000000195e3000 	C:\Program Files\Java\jdk1.8.0_151\jre\bin\api-ms-win-core-processthreads-l1-1-0.dll
0x00000000195f0000 - 0x00000000195f3000 	C:\Program Files\Java\jdk1.8.0_151\jre\bin\api-ms-win-core-processthreads-l1-1-1.dll
0x0000000019600000 - 0x0000000019603000 	C:\Program Files\Java\jdk1.8.0_151\jre\bin\api-ms-win-core-profile-l1-1-0.dll
0x0000000019610000 - 0x0000000019613000 	C:\Program Files\Java\jdk1.8.0_151\jre\bin\api-ms-win-core-rtlsupport-l1-1-0.dll
0x0000000019620000 - 0x0000000019623000 	C:\Program Files\Java\jdk1.8.0_151\jre\bin\api-ms-win-core-string-l1-1-0.dll
0x0000000019630000 - 0x0000000019633000 	C:\Program Files\Java\jdk1.8.0_151\jre\bin\api-ms-win-core-synch-l1-1-0.dll
0x0000000019640000 - 0x0000000019643000 	C:\Program Files\Java\jdk1.8.0_151\jre\bin\api-ms-win-core-synch-l1-2-0.dll
0x0000000019650000 - 0x0000000019653000 	C:\Program Files\Java\jdk1.8.0_151\jre\bin\api-ms-win-core-sysinfo-l1-1-0.dll
0x0000000019660000 - 0x0000000019663000 	C:\Program Files\Java\jdk1.8.0_151\jre\bin\api-ms-win-core-timezone-l1-1-0.dll
0x0000000019670000 - 0x0000000019673000 	C:\Program Files\Java\jdk1.8.0_151\jre\bin\api-ms-win-core-util-l1-1-0.dll
0x0000000019680000 - 0x0000000019683000 	C:\Program Files\Java\jdk1.8.0_151\jre\bin\api-ms-win-crt-conio-l1-1-0.dll
0x0000000019690000 - 0x0000000019694000 	C:\Program Files\Java\jdk1.8.0_151\jre\bin\api-ms-win-crt-convert-l1-1-0.dll
0x00000000196a0000 - 0x00000000196a3000 	C:\Program Files\Java\jdk1.8.0_151\jre\bin\api-ms-win-crt-environment-l1-1-0.dll
0x00000000196b0000 - 0x00000000196b3000 	C:\Program Files\Java\jdk1.8.0_151\jre\bin\api-ms-win-crt-filesystem-l1-1-0.dll
0x00000000196c0000 - 0x00000000196c3000 	C:\Program Files\Java\jdk1.8.0_151\jre\bin\api-ms-win-crt-heap-l1-1-0.dll
0x00000000196d0000 - 0x00000000196d3000 	C:\Program Files\Java\jdk1.8.0_151\jre\bin\api-ms-win-crt-locale-l1-1-0.dll
0x00000000196e0000 - 0x00000000196e5000 	C:\Program Files\Java\jdk1.8.0_151\jre\bin\api-ms-win-crt-math-l1-1-0.dll
0x00000000196f0000 - 0x00000000196f5000 	C:\Program Files\Java\jdk1.8.0_151\jre\bin\api-ms-win-crt-multibyte-l1-1-0.dll
0x0000000019700000 - 0x0000000019710000 	C:\Program Files\Java\jdk1.8.0_151\jre\bin\api-ms-win-crt-private-l1-1-0.dll
0x0000000019710000 - 0x0000000019713000 	C:\Program Files\Java\jdk1.8.0_151\jre\bin\api-ms-win-crt-process-l1-1-0.dll
0x0000000019720000 - 0x0000000019724000 	C:\Program Files\Java\jdk1.8.0_151\jre\bin\api-ms-win-crt-runtime-l1-1-0.dll
0x0000000019730000 - 0x0000000019734000 	C:\Program Files\Java\jdk1.8.0_151\jre\bin\api-ms-win-crt-stdio-l1-1-0.dll
0x0000000019740000 - 0x0000000019744000 	C:\Program Files\Java\jdk1.8.0_151\jre\bin\api-ms-win-crt-string-l1-1-0.dll
0x0000000019750000 - 0x0000000019753000 	C:\Program Files\Java\jdk1.8.0_151\jre\bin\api-ms-win-crt-time-l1-1-0.dll
0x0000000019760000 - 0x0000000019763000 	C:\Program Files\Java\jdk1.8.0_151\jre\bin\api-ms-win-crt-utility-l1-1-0.dll
0x00007ffc17fa0000 - 0x00007ffc18096000 	C:\Program Files\Java\jdk1.8.0_151\jre\bin\ucrtbase.dll
0x00007ffc1c6c0000 - 0x00007ffc1c711000 	C:\Program Files\Java\jdk1.8.0_151\jre\bin\concrt140.dll
0x00007ffc20e00000 - 0x00007ffc20e16000 	C:\Program Files\Java\jdk1.8.0_151\jre\bin\VCRUNTIME140.dll
0x00007ffc15920000 - 0x00007ffc159bc000 	C:\Program Files\Java\jdk1.8.0_151\jre\bin\MSVCP140.dll
0x000000006aa30000 - 0x000000006aa53000 	C:\Program Files\Java\jdk1.8.0_151\jre\bin\prism_d3d.dll
0x00007ffc17c40000 - 0x00007ffc17dd7000 	C:\WINDOWS\system32\d3d9.dll
0x00007ffc50fd0000 - 0x00007ffc50ff9000 	C:\WINDOWS\SYSTEM32\dwmapi.dll
0x00007ffc50ba0000 - 0x00007ffc50c38000 	C:\WINDOWS\system32\uxtheme.dll
0x00007ffbfcfc0000 - 0x00007ffc027ac000 	C:\WINDOWS\System32\DriverStore\FileRepository\igdlh64.inf_amd64_eb6d5c41a8316031\igdumdim64.dll
0x00007ffc53e10000 - 0x00007ffc53ed2000 	C:\WINDOWS\System32\OLEAUT32.dll
0x00007ffc55ba0000 - 0x00007ffc55cf1000 	C:\WINDOWS\System32\ole32.dll
0x00007ffc53960000 - 0x00007ffc53dab000 	C:\WINDOWS\System32\SETUPAPI.dll
0x000000006a9e0000 - 0x000000006aa29000 	C:\Program Files\Java\jdk1.8.0_151\jre\bin\glass.dll
0x00007ffc56160000 - 0x00007ffc5624d000 	C:\WINDOWS\System32\COMDLG32.dll
0x00007ffc553f0000 - 0x00007ffc55565000 	C:\WINDOWS\System32\MSCTF.dll
0x00007ffc47370000 - 0x00007ffc484cf000 	C:\WINDOWS\System32\DriverStore\FileRepository\igdlh64.inf_amd64_eb6d5c41a8316031\igc64.dll
0x000000006a9c0000 - 0x000000006a9d4000 	C:\Program Files\Java\jdk1.8.0_151\jre\bin\javafx_font.dll
0x00007ffc31f70000 - 0x00007ffc3228c000 	C:\WINDOWS\SYSTEM32\dwrite.dll
0x000000006ad50000 - 0x000000006ad6a000 	C:\Program Files\Java\jdk1.8.0_151\jre\bin\net.dll
0x00007ffc52060000 - 0x00007ffc520c6000 	C:\WINDOWS\system32\mswsock.dll
0x000000006ad30000 - 0x000000006ad41000 	C:\Program Files\Java\jdk1.8.0_151\jre\bin\nio.dll
0x00007ffc55b00000 - 0x00007ffc55ba0000 	C:\WINDOWS\System32\clbcatq.dll
0x00007ffc4b950000 - 0x00007ffc4bafe000 	C:\WINDOWS\SYSTEM32\WindowsCodecs.dll
0x00007ffc42a90000 - 0x00007ffc42ae8000 	C:\WINDOWS\system32\dataexchange.dll
0x00007ffc50490000 - 0x00007ffc5062c000 	C:\WINDOWS\system32\dcomp.dll
0x00007ffc4f750000 - 0x00007ffc4fa5b000 	C:\WINDOWS\system32\d3d11.dll
0x00007ffc513a0000 - 0x00007ffc5145b000 	C:\WINDOWS\system32\dxgi.dll
0x00007ffc50ca0000 - 0x00007ffc50e58000 	C:\WINDOWS\system32\twinapi.appcore.dll
0x00007ffc50c70000 - 0x00007ffc50c91000 	C:\WINDOWS\system32\RMCLIENT.dll
0x00007ffc200f0000 - 0x00007ffc20124000 	C:\Program Files\Common Files\Microsoft Shared\Ink\rtscom.dll
0x00007ffc42af0000 - 0x00007ffc42b87000 	C:\WINDOWS\System32\TextInputFramework.dll
0x00007ffc501d0000 - 0x00007ffc502aa000 	C:\WINDOWS\System32\CoreMessaging.dll
0x00007ffc4b130000 - 0x00007ffc4b44e000 	C:\WINDOWS\System32\CoreUIComponents.dll
0x00007ffc51900000 - 0x00007ffc51931000 	C:\WINDOWS\SYSTEM32\ntmarta.dll
0x00007ffc4e710000 - 0x00007ffc4e85d000 	C:\WINDOWS\SYSTEM32\wintypes.dll
0x000000006aa70000 - 0x000000006aa94000 	C:\Program Files\Java\jdk1.8.0_151\jre\bin\sunec.dll
0x00007ffc51de0000 - 0x00007ffc51e18000 	C:\WINDOWS\SYSTEM32\IPHLPAPI.DLL
0x00007ffc53f10000 - 0x00007ffc53f18000 	C:\WINDOWS\System32\NSI.dll
0x00007ffc4aff0000 - 0x00007ffc4b006000 	C:\WINDOWS\SYSTEM32\dhcpcsvc6.DLL
0x00007ffc4a930000 - 0x00007ffc4a94a000 	C:\WINDOWS\SYSTEM32\dhcpcsvc.DLL
0x000000006a9a0000 - 0x000000006a9b2000 	C:\Program Files\Java\jdk1.8.0_151\jre\bin\prism_common.dll
0x00007ffc52220000 - 0x00007ffc52237000 	C:\WINDOWS\SYSTEM32\CRYPTSP.dll
0x00007ffc51c40000 - 0x00007ffc51c73000 	C:\WINDOWS\system32\rsaenh.dll
0x00007ffc52340000 - 0x00007ffc52365000 	C:\WINDOWS\SYSTEM32\bcrypt.dll
0x00007ffc52710000 - 0x00007ffc52738000 	C:\WINDOWS\SYSTEM32\USERENV.dll
0x00007ffc52210000 - 0x00007ffc5221b000 	C:\WINDOWS\SYSTEM32\CRYPTBASE.dll
0x000000006aa60000 - 0x000000006aa6b000 	C:\Program Files\Java\jdk1.8.0_151\jre\bin\sunmscapi.dll
0x00007ffc52950000 - 0x00007ffc52b32000 	C:\WINDOWS\System32\CRYPT32.dll
0x00007ffc52850000 - 0x00007ffc52862000 	C:\WINDOWS\System32\MSASN1.dll
0x00007ffc51e20000 - 0x00007ffc51ede000 	C:\WINDOWS\SYSTEM32\DNSAPI.dll

VM Arguments:
jvm_args: -Dfile.encoding=UTF-8 
java_command: C:\Users\vinic\Desktop\TCC\App\tcc-entra-21-app\dist\run2054533506\tcc-entra-21.jar
java_class_path (initial): C:\Users\vinic\Desktop\TCC\App\tcc-entra-21-app\dist\run2054533506\tcc-entra-21.jar
Launcher Type: SUN_STANDARD

Environment Variables:
PATH=C:\Python36_64\Scripts\;C:\Python36_64\;C:\Program Files (x86)\Common Files\Oracle\Java\javapath;C:\ProgramData\Oracle\Java\javapath;C:\Program Files (x86)\Intel\iCLS Client\;C:\Program Files\Intel\iCLS Client\;C:\windows\system32;C:\windows;C:\windows\System32\Wbem;C:\windows\System32\WindowsPowerShell\v1.0\;C:\Program Files (x86)\NVIDIA Corporation\PhysX\Common;C:\Program Files (x86)\Intel\Intel(R) Management Engine Components\DAL;C:\Program Files\Intel\Intel(R) Management Engine Components\DAL;C:\Program Files (x86)\Intel\Intel(R) Management Engine Components\IPT;C:\Program Files\Intel\Intel(R) Management Engine Components\IPT;C:\WINDOWS\system32;C:\WINDOWS;C:\WINDOWS\System32\Wbem;C:\WINDOWS\System32\WindowsPowerShell\v1.0\;C:\Program Files\dotnet\;C:\Program Files\Microsoft SQL Server\130\Tools\Binn\;C:\Program Files\Git\cmd;C:\Program Files\Microsoft SQL Server\Client SDK\ODBC\130\Tools\Binn\;C:\Program Files (x86)\Microsoft SQL Server\140\Tools\Binn\;C:\Program Files\Microsoft SQL Server\140\Tools\Binn\;C:\Program Files\Microsoft SQL Server\140\DTS\Binn\;C:\Program Files (x86)\Microsoft SQL Server\Client SDK\ODBC\130\Tools\Binn\;C:\Program Files (x86)\Microsoft SQL Server\140\DTS\Binn\;C:\Program Files (x86)\Microsoft SQL Server\140\Tools\Binn\ManagementStudio\;C:\wamp64\bin\php\php7.0.23;C:\wamp64\bin\php\php5.6.31;C:\ProgramData\ComposerSetup\bin;C:\WINDOWS\System32\OpenSSH\;C:\Program Files\Microsoft VS Code\bin;C:\Users\vinic\AppData\Local\Microsoft\WindowsApps;;C:\Program Files\Microsoft VS Code\bin;C:\Users\vinic\AppData\Roaming\Composer\vendor\bin
USERNAME=vinic
OS=Windows_NT
PROCESSOR_IDENTIFIER=Intel64 Family 6 Model 142 Stepping 9, GenuineIntel



---------------  S Y S T E M  ---------------

OS: Windows 10.0 , 64 bit Build 17134 (10.0.17134.1)

CPU:total 4 (initial active 4) (2 cores per cpu, 2 threads per core) family 6 model 142 stepping 9, cmov, cx8, fxsr, mmx, sse, sse2, sse3, ssse3, sse4.1, sse4.2, popcnt, avx, avx2, aes, clmul, erms, 3dnowpref, lzcnt, ht, tsc, tscinvbit, bmi1, bmi2, adx

Memory: 4k page, physical 8299936k(3052924k free), swap 9610656k(2846448k free)

vm_info: Java HotSpot(TM) 64-Bit Server VM (25.151-b12) for windows-amd64 JRE (1.8.0_151-b12), built on Sep  5 2017 19:33:46 by "java_re" with MS VC++ 10.0 (VS2010)

time: Mon Aug 20 09:42:18 2018
elapsed time: 3 seconds (0d 0h 0m 3s)

